<?xml version="1.0" encoding="UTF-8"?>
<!-- Generated by org.testng.reporters.JUnitReportReporter -->
<testsuite hostname="Lucky-Satish" failures="0" tests="1" name="TestCases.TC__002_LoginTest" time="1.519" errors="0" timestamp="2024-04-19T06:52:37 IST" skipped="0">
  <testcase classname="TestCases.TC__002_LoginTest" name="verify_login" time="1.519"/>
</testsuite> <!-- TestCases.TC__002_LoginTest -->
