<?xml version="1.0" encoding="UTF-8"?>
<!-- Generated by org.testng.reporters.JUnitReportReporter -->
<testsuite hostname="Lucky-Satish" failures="0" tests="1" name="TestCases.TC_001_AccountRegistrationTest" time="4.188" errors="0" timestamp="2024-04-20T22:47:04 IST" skipped="0">
  <testcase classname="TestCases.TC_001_AccountRegistrationTest" name="verify_account_registration" time="4.188"/>
</testsuite> <!-- TestCases.TC_001_AccountRegistrationTest -->
