<?xml version="1.0" encoding="UTF-8"?>
<!-- Generated by org.testng.reporters.JUnitReportReporter -->
<testsuite hostname="Lucky-Satish" failures="0" tests="1" name="TestCases.TC_002_LoginTest" time="1.457" errors="0" timestamp="2024-04-20T22:47:04 IST" skipped="0">
  <testcase classname="TestCases.TC_002_LoginTest" name="verify_login" time="1.457"/>
</testsuite> <!-- TestCases.TC_002_LoginTest -->
